audio-card yast_soundcard
audio-input-microphone gnome-stock-mic stock_mic gnome-sound-recorder
battery gnome-dev-battery xfce4-power-manager-settings apps:gnome-sound-recorder apps:gnome-power-manager apps:gnome-power-statistics apps:mate-power-manager
camera-photo camera camera_unmount camera-video apps:accessories-camera categories:applications-photography emblems:emblem-camera 
camera-web apps:guvcview apps:stock_video-conferencing
computer gnome-computer gnome-dev-computer gnome-fs-client system video-display
drive-harddisk block-device drive-harddisk-system gnome-dev-harddisk gtk-harddisk harddrive hdd_unmount yast_HD yast_idetude
drive-harddisk-ieee1394 gnome-dev-harddisk-1394
drive-harddisk-usb gnome-dev-harddisk-usb
drive-optical drive-cdrom gnome-dev-cdrom gnome-dev-dvd
drive-removable-media gnome-dev-removable media-removable xfce-mount apps:usermount apps:csd-automount
drive-removable-media-ieee1394 drive-harddisk-ieee1394 gnome-dev-harddisk-1394 gnome-dev-removable-1394 gnome-dev-unknown-1394
drive-removable-media-usb drive-harddisk-usb drive-removable-media-usb-pendrive gnome-dev-harddisk-usb gnome-dev-removable-usb usbpendrive_unmount apps:etcher apps:usb-creator-gtk
input-keyboard gnome-dev-keyboard kxkb xfce4-keyboard keyboard apps:preferences-desktop-keyboard apps:cs-keyboard apps:csd-keyboard
input-mouse gnome-dev-mouse-ball gnome-dev-mouse-optical mouse xfce4-mouse yast_mouse apps:kmousetool apps:preferences-desktop-peripherals apps:cs-mouse apps:csd-mouse
input-tablet input-touchpad
media-cdr cdwriter_unmount gnome-dev-disc-cdr media-optical-cdr media-optical-cd-r gnome-dev-disc-dvdr gnome-dev-disc-dvdr-plus
media-cdrom-audio gnome-dev-cdrom-audio gnome-dev-disc-audio media-optical-audio stock_music-library media-optical-audio-new
media-cdrw gnome-dev-disc-cdrw media-optical-cd-rw
media-dvd dvd_unmount gnome-dev-disc-dvdram gnome-dev-disc-dvdrom gnome-dev-disc-dvdrw gnome-dev-dvd-alt media-dvdrw gnome-dev-disc-dvdrw media-optical-dvd-rw media-optical-dvd-r media-optical-dvd-rw media-optical-dvd-ram media-optical-dvd-rom media-optical-dvd-r-plus media-optical-dvd
media-flash gnome-dev-media-cf gnome-dev-media-ms gnome-dev-media-sdmmc gnome-dev-media-sm
media-floppy gnome-dev-floppy gtk-floppy system-floppy 3floppy_unmount
media-optical cdrom_unmount gnome-cd gnome-dev-disc-cdrom gtk-cdrom media-cdrom media-optical-cd media-cdr media-cdrw
multimedia-player-ipod-grey multimedia-player-ipod
multimedia-player multimedia-player-ipod music-player
multimedia-player-ipod gnome-dev-ipod gtkpod ipod_mount multimedia-player multimedia-player-apple-ipod
multimedia-player-ipod-touch multimedia-player-apple-ipod-touch
phone-apple-iphone multimedia-player-ipod-touch
printer gnome-dev-printer gnome-dev-printer-network gnome-dev-printer-new kjobviewer printer1 printer-remote printmgr stock_printers xfce-printer yast_printer stock_network-printer cupsprinter i-network-printer apps:cups apps:yast-printer
scanner apps:flegita
video-display system chardevice display monitor xfce4-display apps:cs-screen

