distributor-logo-archlinux archlinux-logo start-here-archlinux distributor-logo gnome-main-menu novell-button
distributor-logo-debian debian-logo start-here-debian
distributor-logo-fedora fedora-logo fedora-logo-icon start-here-fedora
distributor-logo-frugalware frugalware-logo  start-here-frugalware
distributor-logo-gentoo start-here-gentoo
distributor-logo-linux-mint start-here-linux-mint apps:cs-linuxmint
distributor-logo-mandriva mandriva-logo start-here-mandriva
distributor-logo-manjaro start-here-manjaro
distributor-logo-opensuse opensuse-logo start-here-opensuse
distributor-logo-slackware start-here-slackware
distributor-logo-ubuntu ubuntu-logo start-here-ubuntu
folder folder-open gnome-fs-directory inode-directory stock_folder
folder-download folder_download folder-downloads
folder-open folder-drag-accept folder_open gnome-fs-directory-accept gtk-directory stock_open
folder-pictures folder_images folder-images folder_pictures user-images user-pictures
folder-recent actions:document-open-recent
folder-remote folder-remote-ftp folder-remote-nfs folder-remote-smb folder-remote-ssh gnome-fs-blockdev gnome-fs-dav gnome-fs-ftp gnome-fs-network gnome-fs-nfs gnome-fs-share gnome-fs-smb gnome-fs-ssh gnome-mime-x-directory-smb-share network user-share apps:shares devices:network_fs devices:nfs devices:samba
folder-saved-search application-x-gnome-saved-search
network-server gnome-fs-server gnome-mime-x-directory-nfs-server gnome-mime-x-directory-smb-server redhat-network-server server apps:gnome-network-properties
network-workgroup gnome-mime-x-directory-smb-workgroup gtk-network network_local apps:preferences-system-network apps:pyneighborhood_48x48 devices:gnome-dev-network
start-here-archlinux start-here
start-here-gnome org.gnome.ChromeGnomeShell
user-bookmarks gnome-fs-bookmark stock_bookmark
user-desktop desktop gnome-fs-desktop emblems:emblem-desktop
user-home folder_home folder-home gnome-fs-home actions:go-home
user-trash emptytrash gnome-fs-trash-empty gnome-stock-trash trashcan_empty xfce-trash_empty

